[32m2024-02-09 00:01:07.742[0;39m [INFO] com.hexaware.lms.controller.AdminRestController [http-nio-8080-exec-4] Request received to view All LoanTypes...
[32m2024-02-09 00:01:07.750[0;39m [INFO] com.hexaware.lms.service.LoanTypeServiceImpl [http-nio-8080-exec-4] Viewing all available Loan Types
[32m2024-02-09 00:01:17.340[0;39m [INFO] com.hexaware.lms.controller.CustomerRestController [http-nio-8080-exec-6] Customer is logged In
[32m2024-02-09 00:01:17.340[0;39m [INFO] com.hexaware.lms.service.LoanTypeServiceImpl [http-nio-8080-exec-6] Viewing all available Loan Types
[32m2024-02-09 00:13:10.125[0;39m [INFO] org.springframework.boot.admin.SpringApplicationAdminMXBeanRegistrar$SpringApplicationAdmin [RMI TCP Connection(22)-127.0.0.1] Application shutdown requested.
[32m2024-02-09 00:13:10.170[0;39m [INFO] org.apache.catalina.core.StandardService [RMI TCP Connection(22)-127.0.0.1] Stopping service [Tomcat]
[32m2024-02-09 00:13:10.173[0;39m [INFO] org.apache.catalina.core.ContainerBase.[Tomcat].[localhost].[/] [RMI TCP Connection(22)-127.0.0.1] Destroying Spring FrameworkServlet 'dispatcherServlet'
[32m2024-02-09 00:13:10.193[0;39m [INFO] org.springframework.orm.jpa.LocalContainerEntityManagerFactoryBean [RMI TCP Connection(22)-127.0.0.1] Closing JPA EntityManagerFactory for persistence unit 'default'
[32m2024-02-09 00:13:10.198[0;39m [INFO] com.zaxxer.hikari.HikariDataSource [RMI TCP Connection(22)-127.0.0.1] HikariPool-1 - Shutdown initiated...
[32m2024-02-09 00:13:10.220[0;39m [INFO] com.zaxxer.hikari.HikariDataSource [RMI TCP Connection(22)-127.0.0.1] HikariPool-1 - Shutdown completed.
[32m2024-02-09 00:13:13.379[0;39m [INFO] com.hexaware.lms.JaFsdLoanMsApplication [main] Starting JaFsdLoanMsApplication using Java 17.0.9 with PID 66300 (D:\J2EE\FSD_Training\JA-FSD-LoanMS\target\classes started by navne in D:\J2EE\FSD_Training\JA-FSD-LoanMS)
[32m2024-02-09 00:13:13.382[0;39m [INFO] com.hexaware.lms.JaFsdLoanMsApplication [main] No active profile set, falling back to 1 default profile: "default"
[32m2024-02-09 00:13:14.209[0;39m [INFO] org.springframework.data.repository.config.RepositoryConfigurationDelegate [main] Bootstrapping Spring Data JPA repositories in DEFAULT mode.
[32m2024-02-09 00:13:14.296[0;39m [INFO] org.springframework.data.repository.config.RepositoryConfigurationDelegate [main] Finished Spring Data repository scanning in 78 ms. Found 5 JPA repository interfaces.
[32m2024-02-09 00:13:14.905[0;39m [INFO] org.springframework.boot.web.embedded.tomcat.TomcatWebServer [main] Tomcat initialized with port(s): 8080 (http)
[32m2024-02-09 00:13:14.917[0;39m [INFO] org.apache.catalina.core.StandardService [main] Starting service [Tomcat]
[32m2024-02-09 00:13:14.917[0;39m [INFO] org.apache.catalina.core.StandardEngine [main] Starting Servlet engine: [Apache Tomcat/10.1.18]
[32m2024-02-09 00:13:15.059[0;39m [INFO] org.apache.catalina.core.ContainerBase.[Tomcat].[localhost].[/] [main] Initializing Spring embedded WebApplicationContext
[32m2024-02-09 00:13:15.060[0;39m [INFO] org.springframework.boot.web.servlet.context.ServletWebServerApplicationContext [main] Root WebApplicationContext: initialization completed in 1628 ms
[32m2024-02-09 00:13:15.232[0;39m [INFO] org.hibernate.jpa.internal.util.LogHelper [main] HHH000204: Processing PersistenceUnitInfo [name: default]
[32m2024-02-09 00:13:15.305[0;39m [INFO] org.hibernate.Version [main] HHH000412: Hibernate ORM core version 6.2.20.Final
[32m2024-02-09 00:13:15.308[0;39m [INFO] org.hibernate.cfg.Environment [main] HHH000406: Using bytecode reflection optimizer
[32m2024-02-09 00:13:15.661[0;39m [INFO] org.springframework.orm.jpa.persistenceunit.SpringPersistenceUnitInfo [main] No LoadTimeWeaver setup: ignoring JPA class transformer
[32m2024-02-09 00:13:15.690[0;39m [INFO] com.zaxxer.hikari.HikariDataSource [main] HikariPool-1 - Starting...
[32m2024-02-09 00:13:16.154[0;39m [INFO] com.zaxxer.hikari.pool.HikariPool [main] HikariPool-1 - Added connection com.mysql.cj.jdbc.ConnectionImpl@1131aead
[32m2024-02-09 00:13:16.158[0;39m [INFO] com.zaxxer.hikari.HikariDataSource [main] HikariPool-1 - Start completed.
[32m2024-02-09 00:13:16.258[0;39m [WARN] org.hibernate.orm.deprecation [main] HHH90000025: MySQL8Dialect does not need to be specified explicitly using 'hibernate.dialect' (remove the property setting and it will be selected by default)
[32m2024-02-09 00:13:16.260[0;39m [WARN] org.hibernate.orm.deprecation [main] HHH90000026: MySQL8Dialect has been deprecated; use org.hibernate.dialect.MySQLDialect instead
[32m2024-02-09 00:13:17.528[0;39m [INFO] org.hibernate.engine.transaction.jta.platform.internal.JtaPlatformInitiator [main] HHH000489: No JTA platform available (set 'hibernate.transaction.jta.platform' to enable JTA platform integration)
[32m2024-02-09 00:13:17.762[0;39m [INFO] org.springframework.orm.jpa.LocalContainerEntityManagerFactoryBean [main] Initialized JPA EntityManagerFactory for persistence unit 'default'
[32m2024-02-09 00:13:18.075[0;39m [INFO] org.springframework.data.jpa.repository.query.QueryEnhancerFactory [main] Hibernate is in classpath; If applicable, HQL parser will be used.
[32m2024-02-09 00:13:18.871[0;39m [WARN] org.springframework.boot.autoconfigure.orm.jpa.JpaBaseConfiguration$JpaWebConfiguration [main] spring.jpa.open-in-view is enabled by default. Therefore, database queries may be performed during view rendering. Explicitly configure spring.jpa.open-in-view to disable this warning
[32m2024-02-09 00:13:19.865[0;39m [INFO] org.springframework.boot.web.embedded.tomcat.TomcatWebServer [main] Tomcat started on port(s): 8080 (http) with context path ''
[32m2024-02-09 00:13:19.885[0;39m [INFO] com.hexaware.lms.JaFsdLoanMsApplication [main] Started JaFsdLoanMsApplication in 7.074 seconds (process running for 8.06)
[32m2024-02-09 00:13:27.669[0;39m [INFO] org.apache.catalina.core.ContainerBase.[Tomcat].[localhost].[/] [http-nio-8080-exec-3] Initializing Spring DispatcherServlet 'dispatcherServlet'
[32m2024-02-09 00:13:27.669[0;39m [INFO] org.springframework.web.servlet.DispatcherServlet [http-nio-8080-exec-3] Initializing Servlet 'dispatcherServlet'
[32m2024-02-09 00:13:27.671[0;39m [INFO] org.springframework.web.servlet.DispatcherServlet [http-nio-8080-exec-3] Completed initialization in 2 ms
[32m2024-02-09 00:13:28.968[0;39m [INFO] org.springdoc.api.AbstractOpenApiResource [http-nio-8080-exec-1] Init duration for springdoc-openapi is: 905 ms
[32m2024-02-09 00:13:58.855[0;39m [INFO] com.hexaware.lms.controller.CustomerRestController [http-nio-8080-exec-5] Request Received to view all loans of Customer: 1001
[32m2024-02-09 00:13:58.867[0;39m [INFO] com.hexaware.lms.service.LoanServiceImpl [http-nio-8080-exec-5] Customer is viewing all their loan applications...
